<?xml version="1.0" encoding="UTF-8"?>
<testsuite xmlns:xsi="http://www.w3.org/2001/XMLSchema-instance" xsi:noNamespaceSchemaLocation="https://maven.apache.org/surefire/maven-surefire-plugin/xsd/surefire-test-report-3.0.xsd" version="3.0" name="EmployeeTest" time="0.093" tests="5" errors="0" skipped="0" failures="0">
  <properties>
[...]
</properties>
  <testcase name="testNamePass" classname="EmployeeTest" time="0.057"/>
  <testcase name="testGenderPass" classname="EmployeeTest" time="0.001"/>
  <testcase name="testAgePass" classname="EmployeeTest" time="0.002"/>
  <testcase name="testPpsPass" classname="EmployeeTest" time="0.001"/>
  <testcase name="testEmploymentPass" classname="EmployeeTest" time="0.001"/>
</testsuite>